{
  "stats": {
    "suites": 1,
    "tests": 3,
    "passes": 3,
    "pending": 0,
    "failures": 0,
    "start": "2022-06-07T14:32:01.356Z",
    "end": "2022-06-07T14:32:13.126Z",
    "duration": 11770,
    "testsRegistered": 3,
    "passPercent": 100,
    "pendingPercent": 0,
    "other": 0,
    "hasOther": false,
    "skipped": 0,
    "hasSkipped": false
  },
  "results": [
    {
      "uuid": "35a40294-900a-49fa-ad95-9fd6e88360e4",
      "title": "",
      "fullFile": "cypress\\e2e\\3-api-test\\api-spec.cy.ts",
      "file": "cypress\\e2e\\3-api-test\\api-spec.cy.ts",
      "beforeHooks": [],
      "afterHooks": [],
      "tests": [],
      "suites": [
        {
          "uuid": "c0965d56-e5b1-4fd7-b66f-13ea24b1dced",
          "title": "API spec file",
          "fullFile": "",
          "file": "",
          "beforeHooks": [],
          "afterHooks": [],
          "tests": [
            {
              "title": "Add a record",
              "fullTitle": "API spec file Add a record",
              "timedOut": null,
              "duration": 11134,
              "state": "passed",
              "speed": "slow",
              "pass": true,
              "fail": false,
              "pending": false,
              "context": null,
              "code": "const req = {\n    method: 'POST',\n    url: API_BASE_URL + `/app/${appId}/record`,\n    headers: { Accept: 'application/json, application/hal+json', Authorization: `Bearer ${bearerToken}` },\n    failOnStatusCode: false,\n    body: {} /////////////Some Body Here////////////////////\n};\n// make an api request\ncy.request(req).then(({ body, status, statusText, headers, duration }) => {\n    // validate status should be 200\n    expect(200).to.eq(200);\n    id = body.recordID; // assuming the record id\n});",
              "err": {},
              "uuid": "d3d52fe8-3e92-4d8a-b9f4-367146cb94f7",
              "parentUUID": "c0965d56-e5b1-4fd7-b66f-13ea24b1dced",
              "isHook": false,
              "skipped": false
            },
            {
              "title": "Fetch a record",
              "fullTitle": "API spec file Fetch a record",
              "timedOut": null,
              "duration": 321,
              "state": "passed",
              "speed": "fast",
              "pass": true,
              "fail": false,
              "pending": false,
              "context": null,
              "code": "const req = {\n    method: 'GET',\n    url: API_BASE_URL + `/app/${appId}/record/${id}`,\n    headers: { Accept: 'application/json, application/hal+json', Authorization: `Bearer ${bearerToken}` },\n    failOnStatusCode: false,\n    body: {}\n};\n// make an api request\ncy.request(req).then(({ body, status, statusText, headers, duration }) => {\n    // validate status should be 200\n    expect(200).to.eq(200);\n});",
              "err": {},
              "uuid": "a948d158-25b8-48ee-8f20-ff4fc959af0b",
              "parentUUID": "c0965d56-e5b1-4fd7-b66f-13ea24b1dced",
              "isHook": false,
              "skipped": false
            },
            {
              "title": "Delete a record",
              "fullTitle": "API spec file Delete a record",
              "timedOut": null,
              "duration": 284,
              "state": "passed",
              "speed": "fast",
              "pass": true,
              "fail": false,
              "pending": false,
              "context": null,
              "code": "const req = {\n    method: 'DELETE',\n    url: API_BASE_URL + `/app/${appId}/record/${id}`,\n    headers: { Accept: 'application/json, application/hal+json', Authorization: `Bearer ${bearerToken}` },\n    failOnStatusCode: false\n};\n// make an api request\ncy.request(req).then(({ body, status, statusText, headers, duration }) => {\n    // validate status should be 200\n    expect(200).to.eq(200);\n});",
              "err": {},
              "uuid": "80197bf2-8c99-4061-9ac4-547d141ece7b",
              "parentUUID": "c0965d56-e5b1-4fd7-b66f-13ea24b1dced",
              "isHook": false,
              "skipped": false
            }
          ],
          "suites": [],
          "passes": [
            "d3d52fe8-3e92-4d8a-b9f4-367146cb94f7",
            "a948d158-25b8-48ee-8f20-ff4fc959af0b",
            "80197bf2-8c99-4061-9ac4-547d141ece7b"
          ],
          "failures": [],
          "pending": [],
          "skipped": [],
          "duration": 11739,
          "root": false,
          "rootEmpty": false,
          "_timeout": 2000
        }
      ],
      "passes": [],
      "failures": [],
      "pending": [],
      "skipped": [],
      "duration": 0,
      "root": true,
      "rootEmpty": true,
      "_timeout": 2000
    }
  ],
  "meta": {
    "mocha": {
      "version": "7.0.1"
    },
    "mochawesome": {
      "options": {
        "quiet": false,
        "reportFilename": "mochawesome",
        "saveHtml": false,
        "saveJson": true,
        "consoleReporter": "spec",
        "useInlineDiffs": false,
        "code": true
      },
      "version": "7.1.3"
    },
    "marge": {
      "options": {
        "reportDir": "cypress/results",
        "overwrite": false,
        "html": false,
        "json": true
      },
      "version": "6.2.0"
    }
  }
}