{
  "stats": {
    "suites": 1,
    "tests": 5,
    "passes": 5,
    "pending": 0,
    "failures": 0,
    "start": "2022-06-07T14:30:48.065Z",
    "end": "2022-06-07T14:31:06.296Z",
    "duration": 18231,
    "testsRegistered": 5,
    "passPercent": 100,
    "pendingPercent": 0,
    "other": 0,
    "hasOther": false,
    "skipped": 0,
    "hasSkipped": false
  },
  "results": [
    {
      "uuid": "de4f9291-b2d6-4ca1-8654-080de262241a",
      "title": "",
      "fullFile": "cypress\\e2e\\1-login-test\\LoginSpec.cy.ts",
      "file": "cypress\\e2e\\1-login-test\\LoginSpec.cy.ts",
      "beforeHooks": [],
      "afterHooks": [],
      "tests": [],
      "suites": [
        {
          "uuid": "f0765868-9759-4154-8d03-820e5e9c9e3d",
          "title": "Login spec",
          "fullFile": "",
          "file": "",
          "beforeHooks": [],
          "afterHooks": [],
          "tests": [
            {
              "title": "Validate login page text",
              "fullTitle": "Login spec Validate login page text",
              "timedOut": null,
              "duration": 14628,
              "state": "passed",
              "speed": "slow",
              "pass": true,
              "fail": false,
              "pending": false,
              "context": null,
              "code": "// validate swimlane login page text should be displayed\nLoginPage_1.LoginPage.loginPageTitleCheck();\n;",
              "err": {},
              "uuid": "6364697d-7152-47e0-a79a-14d0f581ea1e",
              "parentUUID": "f0765868-9759-4154-8d03-820e5e9c9e3d",
              "isHook": false,
              "skipped": false
            },
            {
              "title": "Validate submit button should be disabled for empty user name and password",
              "fullTitle": "Login spec Validate submit button should be disabled for empty user name and password",
              "timedOut": null,
              "duration": 23,
              "state": "passed",
              "speed": "fast",
              "pass": true,
              "fail": false,
              "pending": false,
              "context": null,
              "code": "// submit button should be disabled for empty user name and password\nLoginPage_1.LoginPage.LoginSubmitBtn().should(`not.be.enabled`);",
              "err": {},
              "uuid": "8eb593ab-9c28-4e7a-90f2-66bf740e292f",
              "parentUUID": "f0765868-9759-4154-8d03-820e5e9c9e3d",
              "isHook": false,
              "skipped": false
            },
            {
              "title": "Validate login should be failed for correct username and incorrect password",
              "fullTitle": "Login spec Validate login should be failed for correct username and incorrect password",
              "timedOut": null,
              "duration": 1158,
              "state": "passed",
              "speed": "fast",
              "pass": true,
              "fail": false,
              "pending": false,
              "context": null,
              "code": "// enter valid username\nLoginPage_1.LoginPage.enterUserName(userName);\n// enter invalid password\nLoginPage_1.LoginPage.enterPassword(`dummy password`);\n// submit button should be enabled then click on it\nLoginPage_1.LoginPage.LoginSubmitBtn().should(`be.enabled`).click();\n// validate \"Login failed\" error message\nLoginPage_1.LoginPage.loginErrorCheck(`Login failed`).should(`be.visible`);",
              "err": {},
              "uuid": "08f6e966-9cd0-49d2-94ec-6338cd8f554d",
              "parentUUID": "f0765868-9759-4154-8d03-820e5e9c9e3d",
              "isHook": false,
              "skipped": false
            },
            {
              "title": "Validate login should be failed for correct password and incorrect username",
              "fullTitle": "Login spec Validate login should be failed for correct password and incorrect username",
              "timedOut": null,
              "duration": 1153,
              "state": "passed",
              "speed": "fast",
              "pass": true,
              "fail": false,
              "pending": false,
              "context": null,
              "code": "// enter in valid username\nLoginPage_1.LoginPage.enterUserName(`incorrect user name`);\n// enter valid password\nLoginPage_1.LoginPage.enterPassword(password);\n// submit button should be enabled then click on it\nLoginPage_1.LoginPage.LoginSubmitBtn().should(`be.enabled`).click();\n// validate \"Login failed\" error message\nLoginPage_1.LoginPage.loginErrorCheck(`Login failed`).should(`be.visible`);",
              "err": {},
              "uuid": "09b34365-c280-4ee2-8b0b-a03fb550ced4",
              "parentUUID": "f0765868-9759-4154-8d03-820e5e9c9e3d",
              "isHook": false,
              "skipped": false
            },
            {
              "title": "Validate login should be successful for valid username and password",
              "fullTitle": "Login spec Validate login should be successful for valid username and password",
              "timedOut": null,
              "duration": 1218,
              "state": "passed",
              "speed": "fast",
              "pass": true,
              "fail": false,
              "pending": false,
              "context": null,
              "code": "// login to the application with valid user name and password\nLoginPage_1.LoginPage.login(userName, password);",
              "err": {},
              "uuid": "95318b57-4e21-4daf-a578-b72d22d2305e",
              "parentUUID": "f0765868-9759-4154-8d03-820e5e9c9e3d",
              "isHook": false,
              "skipped": false
            }
          ],
          "suites": [],
          "passes": [
            "6364697d-7152-47e0-a79a-14d0f581ea1e",
            "8eb593ab-9c28-4e7a-90f2-66bf740e292f",
            "08f6e966-9cd0-49d2-94ec-6338cd8f554d",
            "09b34365-c280-4ee2-8b0b-a03fb550ced4",
            "95318b57-4e21-4daf-a578-b72d22d2305e"
          ],
          "failures": [],
          "pending": [],
          "skipped": [],
          "duration": 18180,
          "root": false,
          "rootEmpty": false,
          "_timeout": 2000
        }
      ],
      "passes": [],
      "failures": [],
      "pending": [],
      "skipped": [],
      "duration": 0,
      "root": true,
      "rootEmpty": true,
      "_timeout": 2000
    }
  ],
  "meta": {
    "mocha": {
      "version": "7.0.1"
    },
    "mochawesome": {
      "options": {
        "quiet": false,
        "reportFilename": "mochawesome",
        "saveHtml": false,
        "saveJson": true,
        "consoleReporter": "spec",
        "useInlineDiffs": false,
        "code": true
      },
      "version": "7.1.3"
    },
    "marge": {
      "options": {
        "reportDir": "cypress/results",
        "overwrite": false,
        "html": false,
        "json": true
      },
      "version": "6.2.0"
    }
  }
}