{
  "stats": {
    "suites": 1,
    "tests": 3,
    "passes": 3,
    "pending": 0,
    "failures": 0,
    "start": "2022-06-07T14:31:10.590Z",
    "end": "2022-06-07T14:31:55.121Z",
    "duration": 44531,
    "testsRegistered": 3,
    "passPercent": 100,
    "pendingPercent": 0,
    "other": 0,
    "hasOther": false,
    "skipped": 0,
    "hasSkipped": false
  },
  "results": [
    {
      "uuid": "8be26084-6efb-47d0-9e69-77a65925deb6",
      "title": "",
      "fullFile": "cypress\\e2e\\2-new-record-test\\new-record-spec.cy.ts",
      "file": "cypress\\e2e\\2-new-record-test\\new-record-spec.cy.ts",
      "beforeHooks": [],
      "afterHooks": [],
      "tests": [],
      "suites": [
        {
          "uuid": "7d5172ec-9485-40b3-8048-1799c288c52d",
          "title": "Application records",
          "fullFile": "",
          "file": "",
          "beforeHooks": [],
          "afterHooks": [],
          "tests": [
            {
              "title": "Save button should be disabled without entering mandatory fields",
              "fullTitle": "Application records Save button should be disabled without entering mandatory fields",
              "timedOut": null,
              "duration": 14431,
              "state": "passed",
              "speed": "slow",
              "pass": true,
              "fail": false,
              "pending": false,
              "context": null,
              "code": "// click on new record\nHomePage_1.HomePage.createNewRecordBtn().click({ force: true });\n// validate personal information heading is displayed\nHomePage_1.HomePage.validatePersonalInfoHeader(`Employee Personal Information`);\n// save button should not be available\nHomePage_1.HomePage.validateRecordSaveBtn().should(`not.be.visible`);",
              "err": {},
              "uuid": "772eeac6-7814-4407-bfaf-0fffda927a29",
              "parentUUID": "7d5172ec-9485-40b3-8048-1799c288c52d",
              "isHook": false,
              "skipped": false
            },
            {
              "title": "Display alert on saving data without mandatory fields",
              "fullTitle": "Application records Display alert on saving data without mandatory fields",
              "timedOut": null,
              "duration": 16981,
              "state": "passed",
              "speed": "slow",
              "pass": true,
              "fail": false,
              "pending": false,
              "context": null,
              "code": "//----Enter first name only and validate data should not be saved----//\n// click on create new record\nHomePage_1.HomePage.createNewRecordBtn().click({ force: true });\n// enter first name\nHomePage_1.HomePage.enterFieldData(`First Name`).type(recordFirstName);\n// save button should be displayed\nHomePage_1.HomePage.validateRecordSaveBtn().should(`be.visible`).click();\n// time spent alert should display and click on save\nHomePage_1.HomePage.readAndAcceptModalContent();\n// error should be thrown\nHelperMethod_1.HelperMethod.validateToastMsg(`The record has validation error`).should(`be.visible`);\n//----Enter first name last name and validate data should not be saved----//\n// enter first name\nHomePage_1.HomePage.enterFieldData(`First Name`).type(recordFirstName);\n// enter last name\nHomePage_1.HomePage.enterFieldData(`Last Name`).type(recordLastName);\n// click on save button\nHomePage_1.HomePage.validateRecordSaveBtn().should(`be.visible`).click();\n// read and accept time spent modal\nHomePage_1.HomePage.readAndAcceptModalContent();\n// error msg should be displayed\nHelperMethod_1.HelperMethod.validateToastMsg(`The record has validation error`).should(`be.visible`);\n//----Enter last name, city and validate data should not be saved----//\n// clear first name\nHomePage_1.HomePage.enterFieldData(`First Name`);\n//enter last name\nHomePage_1.HomePage.enterFieldData(`Last Name`).type(recordLastName);\n// enter city name\nHomePage_1.HomePage.enterFieldData(`City`).type(recordCity);\n// click on save button\nHomePage_1.HomePage.validateRecordSaveBtn().should(`be.visible`).click();\n// accept time spent\nHomePage_1.HomePage.readAndAcceptModalContent();\n//error should be displayed\nHelperMethod_1.HelperMethod.validateToastMsg(`The record has validation error`).should(`be.visible`);",
              "err": {},
              "uuid": "0dcf23aa-a4a8-4f34-8975-0927f03aa004",
              "parentUUID": "7d5172ec-9485-40b3-8048-1799c288c52d",
              "isHook": false,
              "skipped": false
            },
            {
              "title": "Create a record and validate alert message",
              "fullTitle": "Application records Create a record and validate alert message",
              "timedOut": null,
              "duration": 12986,
              "state": "passed",
              "speed": "slow",
              "pass": true,
              "fail": false,
              "pending": false,
              "context": null,
              "code": "// intercept create record req for fetching application ID\ncy.intercept('POST', '/api/app/**/record').as('appID');\n//----------Enter the mandatory fields and save the record--------------//\n// click on new record\nHomePage_1.HomePage.createNewRecordBtn().click({ force: true });\n// enter first name\nHomePage_1.HomePage.enterFieldData(`First Name`).type(recordFirstName);\n;\n// enter last name\nHomePage_1.HomePage.enterFieldData(`Last Name`).type(recordLastName);\n// enter city\nHomePage_1.HomePage.enterFieldData(`City`).type(recordCity);\n// click on save button\nHomePage_1.HomePage.validateRecordSaveBtn().should(`be.visible`).click();\n//accept time spent\nHomePage_1.HomePage.readAndAcceptModalContent();\ncy.wait('@appID', { timeout: 20000 }).its('response.body.applicationId').then((req) => {\n    applicationID = JSON.stringify(req);\n    cy.log(`applicationID is >>>>>>>>>>>>>>>>>>>>>>>>>>>>>>>>>> ${applicationID}`);\n}).then(() => {\n    // record saved message should display\n    HelperMethod_1.HelperMethod.validateToastMsg(`Record Saved`).should(`be.visible`);\n});",
              "err": {},
              "uuid": "aa562570-b86d-4590-b8d4-1d25e6fed937",
              "parentUUID": "7d5172ec-9485-40b3-8048-1799c288c52d",
              "isHook": false,
              "skipped": false
            }
          ],
          "suites": [],
          "passes": [
            "772eeac6-7814-4407-bfaf-0fffda927a29",
            "0dcf23aa-a4a8-4f34-8975-0927f03aa004",
            "aa562570-b86d-4590-b8d4-1d25e6fed937"
          ],
          "failures": [],
          "pending": [],
          "skipped": [],
          "duration": 44398,
          "root": false,
          "rootEmpty": false,
          "_timeout": 2000
        }
      ],
      "passes": [],
      "failures": [],
      "pending": [],
      "skipped": [],
      "duration": 0,
      "root": true,
      "rootEmpty": true,
      "_timeout": 2000
    }
  ],
  "meta": {
    "mocha": {
      "version": "7.0.1"
    },
    "mochawesome": {
      "options": {
        "quiet": false,
        "reportFilename": "mochawesome",
        "saveHtml": false,
        "saveJson": true,
        "consoleReporter": "spec",
        "useInlineDiffs": false,
        "code": true
      },
      "version": "7.1.3"
    },
    "marge": {
      "options": {
        "reportDir": "cypress/results",
        "overwrite": false,
        "html": false,
        "json": true
      },
      "version": "6.2.0"
    }
  }
}